{"C:\\Users\\User\\OneDrive\\Desktop\\EChannel_WebApplication\\test\\Patient.js": {"path":"C:\\Users\\User\\OneDrive\\Desktop\\EChannel_WebApplication\\test\\Patient.js","all":false,"statementMap":{"0":{"start":{"line":1,"column":0},"end":{"line":1,"column":31}},"1":{"start":{"line":2,"column":0},"end":{"line":2,"column":24}},"2":{"start":{"line":3,"column":0},"end":{"line":3,"column":3}},"3":{"start":{"line":4,"column":0},"end":{"line":4,"column":27}}},"s":{"0":1,"1":1,"2":1,"3":1},"branchMap":{"0":{"type":"branch","line":1,"loc":{"start":{"line":1,"column":0},"end":{"line":3,"column":3}},"locations":[{"start":{"line":1,"column":0},"end":{"line":3,"column":3}}]}},"b":{"0":[1]},"fnMap":{"0":{"name":"Patient","decl":{"start":{"line":1,"column":0},"end":{"line":3,"column":3}},"loc":{"start":{"line":1,"column":0},"end":{"line":3,"column":3}},"line":1}},"f":{"0":1}}
}
